2023-03-06 00:10:38.482  WARN 67201 --- [HikariPool-1 housekeeper] com.zaxxer.hikari.pool.HikariPool        : HikariPool-1 - Thread starvation or clock leap detected (housekeeper delta=24m17s194ms).
2023-03-06 00:51:22.506  WARN 67201 --- [HikariPool-1 housekeeper] com.zaxxer.hikari.pool.HikariPool        : HikariPool-1 - Thread starvation or clock leap detected (housekeeper delta=40m44s25ms).
2023-03-06 01:57:16.749  WARN 67201 --- [HikariPool-1 housekeeper] com.zaxxer.hikari.pool.HikariPool        : HikariPool-1 - Thread starvation or clock leap detected (housekeeper delta=1h5m54s243ms).
2023-03-06 02:37:34.695  WARN 67201 --- [HikariPool-1 housekeeper] com.zaxxer.hikari.pool.HikariPool        : HikariPool-1 - Thread starvation or clock leap detected (housekeeper delta=40m17s945ms).
2023-03-06 03:15:42.014  WARN 67201 --- [HikariPool-1 housekeeper] com.zaxxer.hikari.pool.HikariPool        : HikariPool-1 - Thread starvation or clock leap detected (housekeeper delta=38m7s320ms).
2023-03-06 03:52:50.145  WARN 67201 --- [HikariPool-1 housekeeper] com.zaxxer.hikari.pool.HikariPool        : HikariPool-1 - Thread starvation or clock leap detected (housekeeper delta=37m8s131ms).
2023-03-06 04:40:09.983  WARN 67201 --- [HikariPool-1 housekeeper] com.zaxxer.hikari.pool.HikariPool        : HikariPool-1 - Thread starvation or clock leap detected (housekeeper delta=47m19s838ms).
2023-03-06 05:35:43.274  WARN 67201 --- [HikariPool-1 housekeeper] com.zaxxer.hikari.pool.HikariPool        : HikariPool-1 - Thread starvation or clock leap detected (housekeeper delta=55m33s290ms).
2023-03-06 06:13:34.034  WARN 67201 --- [HikariPool-1 housekeeper] com.zaxxer.hikari.pool.HikariPool        : HikariPool-1 - Thread starvation or clock leap detected (housekeeper delta=37m50s761ms).
2023-03-06 07:04:58.632  WARN 67201 --- [HikariPool-1 housekeeper] com.zaxxer.hikari.pool.HikariPool        : HikariPool-1 - Thread starvation or clock leap detected (housekeeper delta=50m50s811ms).
2023-03-06 07:22:05.190  WARN 67201 --- [HikariPool-1 housekeeper] com.zaxxer.hikari.pool.HikariPool        : HikariPool-1 - Thread starvation or clock leap detected (housekeeper delta=17m6s558ms).
2023-03-06 07:25:25.310  WARN 67201 --- [HikariPool-1 housekeeper] com.zaxxer.hikari.pool.HikariPool        : HikariPool-1 - Thread starvation or clock leap detected (housekeeper delta=3m20s120ms).
2023-03-06 07:35:07.915  WARN 67201 --- [HikariPool-1 housekeeper] com.zaxxer.hikari.pool.HikariPool        : HikariPool-1 - Thread starvation or clock leap detected (housekeeper delta=9m42s605ms).
2023-03-06 08:24:43.859  WARN 67201 --- [HikariPool-1 housekeeper] com.zaxxer.hikari.pool.HikariPool        : HikariPool-1 - Thread starvation or clock leap detected (housekeeper delta=49m35s944ms).
2023-03-06 08:28:14.216  WARN 67201 --- [HikariPool-1 housekeeper] com.zaxxer.hikari.pool.HikariPool        : HikariPool-1 - Thread starvation or clock leap detected (housekeeper delta=3m30s357ms).
2023-03-06 08:42:34.392  WARN 67201 --- [HikariPool-1 housekeeper] com.zaxxer.hikari.pool.HikariPool        : HikariPool-1 - Thread starvation or clock leap detected (housekeeper delta=14m20s176ms).
2023-03-06 08:51:13.513  INFO 67201 --- [SpringApplicationShutdownHook] j.LocalContainerEntityManagerFactoryBean : Closing JPA EntityManagerFactory for persistence unit 'default'
2023-03-06 08:51:13.515  INFO 67201 --- [SpringApplicationShutdownHook] com.zaxxer.hikari.HikariDataSource       : HikariPool-1 - Shutdown initiated...
2023-03-06 08:51:13.517  INFO 67201 --- [SpringApplicationShutdownHook] com.zaxxer.hikari.HikariDataSource       : HikariPool-1 - Shutdown completed.
2023-03-06 10:22:49.675  INFO 71042 --- [main] com.bcefit.projet.Application            : Starting Application using Java 19.0.2 on MacBook-Pro-de-Renaud.local with PID 71042 (/Users/renaudbrault/Documents/_ProjetFinal/MovieManagerCore/MMA-ExpositionLayer/target/classes started by renaudbrault in /Users/renaudbrault/Documents/_ProjetFinal/MovieManagerCore)
2023-03-06 10:22:49.676  INFO 71042 --- [main] com.bcefit.projet.Application            : No active profile set, falling back to 1 default profile: "default"
2023-03-06 10:22:50.086  INFO 71042 --- [main] .s.d.r.c.RepositoryConfigurationDelegate : Bootstrapping Spring Data JPA repositories in DEFAULT mode.
2023-03-06 10:22:50.125  INFO 71042 --- [main] .s.d.r.c.RepositoryConfigurationDelegate : Finished Spring Data repository scanning in 34 ms. Found 13 JPA repository interfaces.
2023-03-06 10:22:50.441  INFO 71042 --- [main] o.s.b.w.embedded.tomcat.TomcatWebServer  : Tomcat initialized with port(s): 8080 (http)
2023-03-06 10:22:50.445  INFO 71042 --- [main] o.apache.catalina.core.StandardService   : Starting service [Tomcat]
2023-03-06 10:22:50.445  INFO 71042 --- [main] org.apache.catalina.core.StandardEngine  : Starting Servlet engine: [Apache Tomcat/9.0.71]
2023-03-06 10:22:50.489  INFO 71042 --- [main] o.a.c.c.C.[Tomcat].[localhost].[/]       : Initializing Spring embedded WebApplicationContext
2023-03-06 10:22:50.489  INFO 71042 --- [main] w.s.c.ServletWebServerApplicationContext : Root WebApplicationContext: initialization completed in 790 ms
2023-03-06 10:22:50.586  INFO 71042 --- [main] o.hibernate.jpa.internal.util.LogHelper  : HHH000204: Processing PersistenceUnitInfo [name: default]
2023-03-06 10:22:50.611  INFO 71042 --- [main] org.hibernate.Version                    : HHH000412: Hibernate ORM core version 5.6.14.Final
2023-03-06 10:22:50.681  INFO 71042 --- [main] o.hibernate.annotations.common.Version   : HCANN000001: Hibernate Commons Annotations {5.1.2.Final}
2023-03-06 10:22:50.724  INFO 71042 --- [main] com.zaxxer.hikari.HikariDataSource       : HikariPool-1 - Starting...
2023-03-06 10:22:50.811  INFO 71042 --- [main] com.zaxxer.hikari.HikariDataSource       : HikariPool-1 - Start completed.
2023-03-06 10:22:50.820  INFO 71042 --- [main] org.hibernate.dialect.Dialect            : HHH000400: Using dialect: org.hibernate.dialect.PostgreSQL95Dialect
2023-03-06 10:22:51.295  INFO 71042 --- [main] o.h.e.t.j.p.i.JtaPlatformInitiator       : HHH000490: Using JtaPlatform implementation: [org.hibernate.engine.transaction.jta.platform.internal.NoJtaPlatform]
2023-03-06 10:22:51.301  INFO 71042 --- [main] j.LocalContainerEntityManagerFactoryBean : Initialized JPA EntityManagerFactory for persistence unit 'default'
2023-03-06 10:22:51.720  WARN 71042 --- [main] .s.s.UserDetailsServiceAutoConfiguration : 

Using generated security password: 1fc6f39c-cf41-44c1-b48c-8c86b3c15e7c

This generated password is for development use only. Your security configuration must be updated before running your application in production.

2023-03-06 10:22:51.778  INFO 71042 --- [main] o.s.s.web.DefaultSecurityFilterChain     : Will secure any request with [org.springframework.security.web.session.DisableEncodeUrlFilter@140fa482, org.springframework.security.web.context.request.async.WebAsyncManagerIntegrationFilter@78de0f6f, org.springframework.security.web.context.SecurityContextPersistenceFilter@31d8352e, org.springframework.security.web.header.HeaderWriterFilter@3d96b8fb, org.springframework.web.filter.CorsFilter@588614f9, org.springframework.security.web.authentication.logout.LogoutFilter@969c2f9, com.bcefit.projet.exposition.security.JWTAuthorizationFilter@16718e1b, org.springframework.security.web.savedrequest.RequestCacheAwareFilter@1cb7f2fe, org.springframework.security.web.servletapi.SecurityContextHolderAwareRequestFilter@6a233d33, org.springframework.security.web.authentication.AnonymousAuthenticationFilter@7fb313e3, org.springframework.security.web.session.SessionManagementFilter@2f006edf, org.springframework.security.web.access.ExceptionTranslationFilter@20524816, org.springframework.security.web.access.intercept.FilterSecurityInterceptor@2e7dd504]
2023-03-06 10:22:51.923  INFO 71042 --- [main] o.s.b.w.embedded.tomcat.TomcatWebServer  : Tomcat started on port(s): 8080 (http) with context path ''
2023-03-06 10:22:52.079  INFO 71042 --- [main] com.bcefit.projet.Application            : Started Application in 2.579 seconds (JVM running for 2.866)
2023-03-06 10:23:10.105  INFO 71042 --- [http-nio-8080-exec-2] o.a.c.c.C.[Tomcat].[localhost].[/]       : Initializing Spring DispatcherServlet 'dispatcherServlet'
2023-03-06 10:23:10.105  INFO 71042 --- [http-nio-8080-exec-2] o.s.web.servlet.DispatcherServlet        : Initializing Servlet 'dispatcherServlet'
2023-03-06 10:23:10.106  INFO 71042 --- [http-nio-8080-exec-2] o.s.web.servlet.DispatcherServlet        : Completed initialization in 1 ms
2023-03-06 10:23:10.169  INFO 71042 --- [http-nio-8080-exec-2] c.b.p.e.user.rest.UserAccountAPI         : enregistrement d'un nouveau user account toto
2023-03-06 10:23:10.224  WARN 71042 --- [http-nio-8080-exec-2] o.h.engine.jdbc.spi.SqlExceptionHelper   : SQL Error: 0, SQLState: 23505
2023-03-06 10:23:10.224 ERROR 71042 --- [http-nio-8080-exec-2] o.h.engine.jdbc.spi.SqlExceptionHelper   : ERROR: duplicate key value violates unique constraint "genre_movie_pkey"
  Détail : Key (id)=(16) already exists.
2023-03-06 10:23:10.225  INFO 71042 --- [http-nio-8080-exec-2] o.h.e.j.b.internal.AbstractBatchImpl     : HHH000010: On release of batch it still contained JDBC statements
2023-03-06 10:23:10.231 ERROR 71042 --- [http-nio-8080-exec-2] o.a.c.c.C.[.[.[/].[dispatcherServlet]    : Servlet.service() for servlet [dispatcherServlet] in context with path [] threw exception [Request processing failed; nested exception is org.springframework.dao.DataIntegrityViolationException: could not execute statement; SQL [n/a]; constraint [genre_movie_pkey]; nested exception is org.hibernate.exception.ConstraintViolationException: could not execute statement] with root cause

org.postgresql.util.PSQLException: ERROR: duplicate key value violates unique constraint "genre_movie_pkey"
  Détail : Key (id)=(16) already exists.
	at org.postgresql.core.v3.QueryExecutorImpl.receiveErrorResponse(QueryExecutorImpl.java:2676) ~[postgresql-42.5.1.jar:42.5.1]
	at org.postgresql.core.v3.QueryExecutorImpl.processResults(QueryExecutorImpl.java:2366) ~[postgresql-42.5.1.jar:42.5.1]
	at org.postgresql.core.v3.QueryExecutorImpl.execute(QueryExecutorImpl.java:356) ~[postgresql-42.5.1.jar:42.5.1]
	at org.postgresql.jdbc.PgStatement.executeInternal(PgStatement.java:496) ~[postgresql-42.5.1.jar:42.5.1]
	at org.postgresql.jdbc.PgStatement.execute(PgStatement.java:413) ~[postgresql-42.5.1.jar:42.5.1]
	at org.postgresql.jdbc.PgPreparedStatement.executeWithFlags(PgPreparedStatement.java:190) ~[postgresql-42.5.1.jar:42.5.1]
	at org.postgresql.jdbc.PgPreparedStatement.executeUpdate(PgPreparedStatement.java:152) ~[postgresql-42.5.1.jar:42.5.1]
	at com.zaxxer.hikari.pool.ProxyPreparedStatement.executeUpdate(ProxyPreparedStatement.java:61) ~[HikariCP-4.0.3.jar:na]
	at com.zaxxer.hikari.pool.HikariProxyPreparedStatement.executeUpdate(HikariProxyPreparedStatement.java) ~[HikariCP-4.0.3.jar:na]
	at org.hibernate.engine.jdbc.internal.ResultSetReturnImpl.executeUpdate(ResultSetReturnImpl.java:197) ~[hibernate-core-5.6.14.Final.jar:5.6.14.Final]
	at org.hibernate.engine.jdbc.batch.internal.NonBatchingBatch.addToBatch(NonBatchingBatch.java:46) ~[hibernate-core-5.6.14.Final.jar:5.6.14.Final]
	at org.hibernate.persister.entity.AbstractEntityPersister.insert(AbstractEntityPersister.java:3375) ~[hibernate-core-5.6.14.Final.jar:5.6.14.Final]
	at org.hibernate.persister.entity.AbstractEntityPersister.insert(AbstractEntityPersister.java:3937) ~[hibernate-core-5.6.14.Final.jar:5.6.14.Final]
	at org.hibernate.action.internal.EntityInsertAction.execute(EntityInsertAction.java:107) ~[hibernate-core-5.6.14.Final.jar:5.6.14.Final]
	at org.hibernate.engine.spi.ActionQueue.executeActions(ActionQueue.java:604) ~[hibernate-core-5.6.14.Final.jar:5.6.14.Final]
	at org.hibernate.engine.spi.ActionQueue.lambda$executeActions$1(ActionQueue.java:478) ~[hibernate-core-5.6.14.Final.jar:5.6.14.Final]
	at java.base/java.util.LinkedHashMap.forEach(LinkedHashMap.java:729) ~[na:na]
	at org.hibernate.engine.spi.ActionQueue.executeActions(ActionQueue.java:475) ~[hibernate-core-5.6.14.Final.jar:5.6.14.Final]
	at org.hibernate.event.internal.AbstractFlushingEventListener.performExecutions(AbstractFlushingEventListener.java:344) ~[hibernate-core-5.6.14.Final.jar:5.6.14.Final]
	at org.hibernate.event.internal.DefaultFlushEventListener.onFlush(DefaultFlushEventListener.java:40) ~[hibernate-core-5.6.14.Final.jar:5.6.14.Final]
	at org.hibernate.event.service.internal.EventListenerGroupImpl.fireEventOnEachListener(EventListenerGroupImpl.java:107) ~[hibernate-core-5.6.14.Final.jar:5.6.14.Final]
	at org.hibernate.internal.SessionImpl.doFlush(SessionImpl.java:1407) ~[hibernate-core-5.6.14.Final.jar:5.6.14.Final]
	at org.hibernate.internal.SessionImpl.managedFlush(SessionImpl.java:489) ~[hibernate-core-5.6.14.Final.jar:5.6.14.Final]
	at org.hibernate.internal.SessionImpl.flushBeforeTransactionCompletion(SessionImpl.java:3303) ~[hibernate-core-5.6.14.Final.jar:5.6.14.Final]
	at org.hibernate.internal.SessionImpl.beforeTransactionCompletion(SessionImpl.java:2438) ~[hibernate-core-5.6.14.Final.jar:5.6.14.Final]
	at org.hibernate.engine.jdbc.internal.JdbcCoordinatorImpl.beforeTransactionCompletion(JdbcCoordinatorImpl.java:449) ~[hibernate-core-5.6.14.Final.jar:5.6.14.Final]
	at org.hibernate.resource.transaction.backend.jdbc.internal.JdbcResourceLocalTransactionCoordinatorImpl.beforeCompletionCallback(JdbcResourceLocalTransactionCoordinatorImpl.java:183) ~[hibernate-core-5.6.14.Final.jar:5.6.14.Final]
	at org.hibernate.resource.transaction.backend.jdbc.internal.JdbcResourceLocalTransactionCoordinatorImpl.access$300(JdbcResourceLocalTransactionCoordinatorImpl.java:40) ~[hibernate-core-5.6.14.Final.jar:5.6.14.Final]
	at org.hibernate.resource.transaction.backend.jdbc.internal.JdbcResourceLocalTransactionCoordinatorImpl$TransactionDriverControlImpl.commit(JdbcResourceLocalTransactionCoordinatorImpl.java:281) ~[hibernate-core-5.6.14.Final.jar:5.6.14.Final]
	at org.hibernate.engine.transaction.internal.TransactionImpl.commit(TransactionImpl.java:101) ~[hibernate-core-5.6.14.Final.jar:5.6.14.Final]
	at org.springframework.orm.jpa.JpaTransactionManager.doCommit(JpaTransactionManager.java:562) ~[spring-orm-5.3.25.jar:5.3.25]
	at org.springframework.transaction.support.AbstractPlatformTransactionManager.processCommit(AbstractPlatformTransactionManager.java:743) ~[spring-tx-5.3.25.jar:5.3.25]
	at org.springframework.transaction.support.AbstractPlatformTransactionManager.commit(AbstractPlatformTransactionManager.java:711) ~[spring-tx-5.3.25.jar:5.3.25]
	at org.springframework.transaction.interceptor.TransactionAspectSupport.commitTransactionAfterReturning(TransactionAspectSupport.java:654) ~[spring-tx-5.3.25.jar:5.3.25]
	at org.springframework.transaction.interceptor.TransactionAspectSupport.invokeWithinTransaction(TransactionAspectSupport.java:407) ~[spring-tx-5.3.25.jar:5.3.25]
	at org.springframework.transaction.interceptor.TransactionInterceptor.invoke(TransactionInterceptor.java:119) ~[spring-tx-5.3.25.jar:5.3.25]
	at org.springframework.aop.framework.ReflectiveMethodInvocation.proceed(ReflectiveMethodInvocation.java:186) ~[spring-aop-5.3.25.jar:5.3.25]
	at org.springframework.dao.support.PersistenceExceptionTranslationInterceptor.invoke(PersistenceExceptionTranslationInterceptor.java:137) ~[spring-tx-5.3.25.jar:5.3.25]
	at org.springframework.aop.framework.ReflectiveMethodInvocation.proceed(ReflectiveMethodInvocation.java:186) ~[spring-aop-5.3.25.jar:5.3.25]
	at org.springframework.data.jpa.repository.support.CrudMethodMetadataPostProcessor$CrudMethodMetadataPopulatingMethodInterceptor.invoke(CrudMethodMetadataPostProcessor.java:174) ~[spring-data-jpa-2.7.7.jar:2.7.7]
	at org.springframework.aop.framework.ReflectiveMethodInvocation.proceed(ReflectiveMethodInvocation.java:186) ~[spring-aop-5.3.25.jar:5.3.25]
	at org.springframework.aop.interceptor.ExposeInvocationInterceptor.invoke(ExposeInvocationInterceptor.java:97) ~[spring-aop-5.3.25.jar:5.3.25]
	at org.springframework.aop.framework.ReflectiveMethodInvocation.proceed(ReflectiveMethodInvocation.java:186) ~[spring-aop-5.3.25.jar:5.3.25]
	at org.springframework.aop.framework.JdkDynamicAopProxy.invoke(JdkDynamicAopProxy.java:215) ~[spring-aop-5.3.25.jar:5.3.25]
	at jdk.proxy2/jdk.proxy2.$Proxy107.save(Unknown Source) ~[na:na]
	at com.bcefit.projet.service.user.UserAccountServiceImpl.createUserAccount(UserAccountServiceImpl.java:42) ~[classes/:na]
	at com.bcefit.projet.exposition.user.rest.UserAccountAPI.create(UserAccountAPI.java:46) ~[classes/:na]
	at java.base/jdk.internal.reflect.DirectMethodHandleAccessor.invoke(DirectMethodHandleAccessor.java:104) ~[na:na]
	at java.base/java.lang.reflect.Method.invoke(Method.java:578) ~[na:na]
	at org.springframework.web.method.support.InvocableHandlerMethod.doInvoke(InvocableHandlerMethod.java:205) ~[spring-web-5.3.25.jar:5.3.25]
	at org.springframework.web.method.support.InvocableHandlerMethod.invokeForRequest(InvocableHandlerMethod.java:150) ~[spring-web-5.3.25.jar:5.3.25]
	at org.springframework.web.servlet.mvc.method.annotation.ServletInvocableHandlerMethod.invokeAndHandle(ServletInvocableHandlerMethod.java:117) ~[spring-webmvc-5.3.25.jar:5.3.25]
	at org.springframework.web.servlet.mvc.method.annotation.RequestMappingHandlerAdapter.invokeHandlerMethod(RequestMappingHandlerAdapter.java:895) ~[spring-webmvc-5.3.25.jar:5.3.25]
	at org.springframework.web.servlet.mvc.method.annotation.RequestMappingHandlerAdapter.handleInternal(RequestMappingHandlerAdapter.java:808) ~[spring-webmvc-5.3.25.jar:5.3.25]
	at org.springframework.web.servlet.mvc.method.AbstractHandlerMethodAdapter.handle(AbstractHandlerMethodAdapter.java:87) ~[spring-webmvc-5.3.25.jar:5.3.25]
	at org.springframework.web.servlet.DispatcherServlet.doDispatch(DispatcherServlet.java:1071) ~[spring-webmvc-5.3.25.jar:5.3.25]
	at org.springframework.web.servlet.DispatcherServlet.doService(DispatcherServlet.java:964) ~[spring-webmvc-5.3.25.jar:5.3.25]
	at org.springframework.web.servlet.FrameworkServlet.processRequest(FrameworkServlet.java:1006) ~[spring-webmvc-5.3.25.jar:5.3.25]
	at org.springframework.web.servlet.FrameworkServlet.doPost(FrameworkServlet.java:909) ~[spring-webmvc-5.3.25.jar:5.3.25]
	at javax.servlet.http.HttpServlet.service(HttpServlet.java:696) ~[tomcat-embed-core-9.0.71.jar:4.0.FR]
	at org.springframework.web.servlet.FrameworkServlet.service(FrameworkServlet.java:883) ~[spring-webmvc-5.3.25.jar:5.3.25]
	at javax.servlet.http.HttpServlet.service(HttpServlet.java:779) ~[tomcat-embed-core-9.0.71.jar:4.0.FR]
	at org.apache.catalina.core.ApplicationFilterChain.internalDoFilter(ApplicationFilterChain.java:227) ~[tomcat-embed-core-9.0.71.jar:9.0.71]
	at org.apache.catalina.core.ApplicationFilterChain.doFilter(ApplicationFilterChain.java:162) ~[tomcat-embed-core-9.0.71.jar:9.0.71]
	at org.apache.tomcat.websocket.server.WsFilter.doFilter(WsFilter.java:53) ~[tomcat-embed-websocket-9.0.71.jar:9.0.71]
	at org.apache.catalina.core.ApplicationFilterChain.internalDoFilter(ApplicationFilterChain.java:189) ~[tomcat-embed-core-9.0.71.jar:9.0.71]
	at org.apache.catalina.core.ApplicationFilterChain.doFilter(ApplicationFilterChain.java:162) ~[tomcat-embed-core-9.0.71.jar:9.0.71]
	at org.springframework.security.web.FilterChainProxy$VirtualFilterChain.doFilter(FilterChainProxy.java:337) ~[spring-security-web-5.7.6.jar:5.7.6]
	at org.springframework.security.web.access.intercept.FilterSecurityInterceptor.invoke(FilterSecurityInterceptor.java:115) ~[spring-security-web-5.7.6.jar:5.7.6]
	at org.springframework.security.web.access.intercept.FilterSecurityInterceptor.doFilter(FilterSecurityInterceptor.java:81) ~[spring-security-web-5.7.6.jar:5.7.6]
	at org.springframework.security.web.FilterChainProxy$VirtualFilterChain.doFilter(FilterChainProxy.java:346) ~[spring-security-web-5.7.6.jar:5.7.6]
	at org.springframework.security.web.access.ExceptionTranslationFilter.doFilter(ExceptionTranslationFilter.java:122) ~[spring-security-web-5.7.6.jar:5.7.6]
	at org.springframework.security.web.access.ExceptionTranslationFilter.doFilter(ExceptionTranslationFilter.java:116) ~[spring-security-web-5.7.6.jar:5.7.6]
	at org.springframework.security.web.FilterChainProxy$VirtualFilterChain.doFilter(FilterChainProxy.java:346) ~[spring-security-web-5.7.6.jar:5.7.6]
	at org.springframework.security.web.session.SessionManagementFilter.doFilter(SessionManagementFilter.java:126) ~[spring-security-web-5.7.6.jar:5.7.6]
	at org.springframework.security.web.session.SessionManagementFilter.doFilter(SessionManagementFilter.java:81) ~[spring-security-web-5.7.6.jar:5.7.6]
	at org.springframework.security.web.FilterChainProxy$VirtualFilterChain.doFilter(FilterChainProxy.java:346) ~[spring-security-web-5.7.6.jar:5.7.6]
	at org.springframework.security.web.authentication.AnonymousAuthenticationFilter.doFilter(AnonymousAuthenticationFilter.java:109) ~[spring-security-web-5.7.6.jar:5.7.6]
	at org.springframework.security.web.FilterChainProxy$VirtualFilterChain.doFilter(FilterChainProxy.java:346) ~[spring-security-web-5.7.6.jar:5.7.6]
	at org.springframework.security.web.servletapi.SecurityContextHolderAwareRequestFilter.doFilter(SecurityContextHolderAwareRequestFilter.java:149) ~[spring-security-web-5.7.6.jar:5.7.6]
	at org.springframework.security.web.FilterChainProxy$VirtualFilterChain.doFilter(FilterChainProxy.java:346) ~[spring-security-web-5.7.6.jar:5.7.6]
	at org.springframework.security.web.savedrequest.RequestCacheAwareFilter.doFilter(RequestCacheAwareFilter.java:63) ~[spring-security-web-5.7.6.jar:5.7.6]
	at org.springframework.security.web.FilterChainProxy$VirtualFilterChain.doFilter(FilterChainProxy.java:346) ~[spring-security-web-5.7.6.jar:5.7.6]
	at com.bcefit.projet.exposition.security.JWTAuthorizationFilter.doFilterInternal(JWTAuthorizationFilter.java:57) ~[classes/:na]
	at org.springframework.web.filter.OncePerRequestFilter.doFilter(OncePerRequestFilter.java:117) ~[spring-web-5.3.25.jar:5.3.25]
	at org.springframework.security.web.FilterChainProxy$VirtualFilterChain.doFilter(FilterChainProxy.java:346) ~[spring-security-web-5.7.6.jar:5.7.6]
	at org.springframework.security.web.authentication.logout.LogoutFilter.doFilter(LogoutFilter.java:103) ~[spring-security-web-5.7.6.jar:5.7.6]
	at org.springframework.security.web.authentication.logout.LogoutFilter.doFilter(LogoutFilter.java:89) ~[spring-security-web-5.7.6.jar:5.7.6]
	at org.springframework.security.web.FilterChainProxy$VirtualFilterChain.doFilter(FilterChainProxy.java:346) ~[spring-security-web-5.7.6.jar:5.7.6]
	at org.springframework.web.filter.CorsFilter.doFilterInternal(CorsFilter.java:91) ~[spring-web-5.3.25.jar:5.3.25]
	at org.springframework.web.filter.OncePerRequestFilter.doFilter(OncePerRequestFilter.java:117) ~[spring-web-5.3.25.jar:5.3.25]
	at org.springframework.security.web.FilterChainProxy$VirtualFilterChain.doFilter(FilterChainProxy.java:346) ~[spring-security-web-5.7.6.jar:5.7.6]
	at org.springframework.security.web.header.HeaderWriterFilter.doHeadersAfter(HeaderWriterFilter.java:90) ~[spring-security-web-5.7.6.jar:5.7.6]
	at org.springframework.security.web.header.HeaderWriterFilter.doFilterInternal(HeaderWriterFilter.java:75) ~[spring-security-web-5.7.6.jar:5.7.6]
	at org.springframework.web.filter.OncePerRequestFilter.doFilter(OncePerRequestFilter.java:117) ~[spring-web-5.3.25.jar:5.3.25]
	at org.springframework.security.web.FilterChainProxy$VirtualFilterChain.doFilter(FilterChainProxy.java:346) ~[spring-security-web-5.7.6.jar:5.7.6]
	at org.springframework.security.web.context.SecurityContextPersistenceFilter.doFilter(SecurityContextPersistenceFilter.java:112) ~[spring-security-web-5.7.6.jar:5.7.6]
	at org.springframework.security.web.context.SecurityContextPersistenceFilter.doFilter(SecurityContextPersistenceFilter.java:82) ~[spring-security-web-5.7.6.jar:5.7.6]
	at org.springframework.security.web.FilterChainProxy$VirtualFilterChain.doFilter(FilterChainProxy.java:346) ~[spring-security-web-5.7.6.jar:5.7.6]
	at org.springframework.security.web.context.request.async.WebAsyncManagerIntegrationFilter.doFilterInternal(WebAsyncManagerIntegrationFilter.java:55) ~[spring-security-web-5.7.6.jar:5.7.6]
	at org.springframework.web.filter.OncePerRequestFilter.doFilter(OncePerRequestFilter.java:117) ~[spring-web-5.3.25.jar:5.3.25]
	at org.springframework.security.web.FilterChainProxy$VirtualFilterChain.doFilter(FilterChainProxy.java:346) ~[spring-security-web-5.7.6.jar:5.7.6]
	at org.springframework.security.web.session.DisableEncodeUrlFilter.doFilterInternal(DisableEncodeUrlFilter.java:42) ~[spring-security-web-5.7.6.jar:5.7.6]
	at org.springframework.web.filter.OncePerRequestFilter.doFilter(OncePerRequestFilter.java:117) ~[spring-web-5.3.25.jar:5.3.25]
	at org.springframework.security.web.FilterChainProxy$VirtualFilterChain.doFilter(FilterChainProxy.java:346) ~[spring-security-web-5.7.6.jar:5.7.6]
	at org.springframework.security.web.FilterChainProxy.doFilterInternal(FilterChainProxy.java:221) ~[spring-security-web-5.7.6.jar:5.7.6]
	at org.springframework.security.web.FilterChainProxy.doFilter(FilterChainProxy.java:186) ~[spring-security-web-5.7.6.jar:5.7.6]
	at org.springframework.web.filter.DelegatingFilterProxy.invokeDelegate(DelegatingFilterProxy.java:354) ~[spring-web-5.3.25.jar:5.3.25]
	at org.springframework.web.filter.DelegatingFilterProxy.doFilter(DelegatingFilterProxy.java:267) ~[spring-web-5.3.25.jar:5.3.25]
	at org.apache.catalina.core.ApplicationFilterChain.internalDoFilter(ApplicationFilterChain.java:189) ~[tomcat-embed-core-9.0.71.jar:9.0.71]
	at org.apache.catalina.core.ApplicationFilterChain.doFilter(ApplicationFilterChain.java:162) ~[tomcat-embed-core-9.0.71.jar:9.0.71]
	at org.springframework.web.filter.RequestContextFilter.doFilterInternal(RequestContextFilter.java:100) ~[spring-web-5.3.25.jar:5.3.25]
	at org.springframework.web.filter.OncePerRequestFilter.doFilter(OncePerRequestFilter.java:117) ~[spring-web-5.3.25.jar:5.3.25]
	at org.apache.catalina.core.ApplicationFilterChain.internalDoFilter(ApplicationFilterChain.java:189) ~[tomcat-embed-core-9.0.71.jar:9.0.71]
	at org.apache.catalina.core.ApplicationFilterChain.doFilter(ApplicationFilterChain.java:162) ~[tomcat-embed-core-9.0.71.jar:9.0.71]
	at org.springframework.web.filter.FormContentFilter.doFilterInternal(FormContentFilter.java:93) ~[spring-web-5.3.25.jar:5.3.25]
	at org.springframework.web.filter.OncePerRequestFilter.doFilter(OncePerRequestFilter.java:117) ~[spring-web-5.3.25.jar:5.3.25]
	at org.apache.catalina.core.ApplicationFilterChain.internalDoFilter(ApplicationFilterChain.java:189) ~[tomcat-embed-core-9.0.71.jar:9.0.71]
	at org.apache.catalina.core.ApplicationFilterChain.doFilter(ApplicationFilterChain.java:162) ~[tomcat-embed-core-9.0.71.jar:9.0.71]
	at org.springframework.web.filter.CharacterEncodingFilter.doFilterInternal(CharacterEncodingFilter.java:201) ~[spring-web-5.3.25.jar:5.3.25]
	at org.springframework.web.filter.OncePerRequestFilter.doFilter(OncePerRequestFilter.java:117) ~[spring-web-5.3.25.jar:5.3.25]
	at org.apache.catalina.core.ApplicationFilterChain.internalDoFilter(ApplicationFilterChain.java:189) ~[tomcat-embed-core-9.0.71.jar:9.0.71]
	at org.apache.catalina.core.ApplicationFilterChain.doFilter(ApplicationFilterChain.java:162) ~[tomcat-embed-core-9.0.71.jar:9.0.71]
	at org.apache.catalina.core.StandardWrapperValve.invoke(StandardWrapperValve.java:177) ~[tomcat-embed-core-9.0.71.jar:9.0.71]
	at org.apache.catalina.core.StandardContextValve.invoke(StandardContextValve.java:97) ~[tomcat-embed-core-9.0.71.jar:9.0.71]
	at org.apache.catalina.authenticator.AuthenticatorBase.invoke(AuthenticatorBase.java:541) ~[tomcat-embed-core-9.0.71.jar:9.0.71]
	at org.apache.catalina.core.StandardHostValve.invoke(StandardHostValve.java:135) ~[tomcat-embed-core-9.0.71.jar:9.0.71]
	at org.apache.catalina.valves.ErrorReportValve.invoke(ErrorReportValve.java:92) ~[tomcat-embed-core-9.0.71.jar:9.0.71]
	at org.apache.catalina.core.StandardEngineValve.invoke(StandardEngineValve.java:78) ~[tomcat-embed-core-9.0.71.jar:9.0.71]
	at org.apache.catalina.connector.CoyoteAdapter.service(CoyoteAdapter.java:360) ~[tomcat-embed-core-9.0.71.jar:9.0.71]
	at org.apache.coyote.http11.Http11Processor.service(Http11Processor.java:399) ~[tomcat-embed-core-9.0.71.jar:9.0.71]
	at org.apache.coyote.AbstractProcessorLight.process(AbstractProcessorLight.java:65) ~[tomcat-embed-core-9.0.71.jar:9.0.71]
	at org.apache.coyote.AbstractProtocol$ConnectionHandler.process(AbstractProtocol.java:891) ~[tomcat-embed-core-9.0.71.jar:9.0.71]
	at org.apache.tomcat.util.net.NioEndpoint$SocketProcessor.doRun(NioEndpoint.java:1784) ~[tomcat-embed-core-9.0.71.jar:9.0.71]
	at org.apache.tomcat.util.net.SocketProcessorBase.run(SocketProcessorBase.java:49) ~[tomcat-embed-core-9.0.71.jar:9.0.71]
	at org.apache.tomcat.util.threads.ThreadPoolExecutor.runWorker(ThreadPoolExecutor.java:1191) ~[tomcat-embed-core-9.0.71.jar:9.0.71]
	at org.apache.tomcat.util.threads.ThreadPoolExecutor$Worker.run(ThreadPoolExecutor.java:659) ~[tomcat-embed-core-9.0.71.jar:9.0.71]
	at org.apache.tomcat.util.threads.TaskThread$WrappingRunnable.run(TaskThread.java:61) ~[tomcat-embed-core-9.0.71.jar:9.0.71]
	at java.base/java.lang.Thread.run(Thread.java:1589) ~[na:na]

2023-03-06 10:24:06.619  WARN 71042 --- [http-nio-8080-exec-4] .w.s.m.s.DefaultHandlerExceptionResolver : Resolved [org.springframework.web.bind.ServletRequestBindingException: Missing request attribute 'userLoggin' of type String]
2023-03-06 10:24:38.025  INFO 71042 --- [SpringApplicationShutdownHook] j.LocalContainerEntityManagerFactoryBean : Closing JPA EntityManagerFactory for persistence unit 'default'
2023-03-06 10:24:38.026  INFO 71042 --- [SpringApplicationShutdownHook] com.zaxxer.hikari.HikariDataSource       : HikariPool-1 - Shutdown initiated...
2023-03-06 10:24:38.027  INFO 71042 --- [SpringApplicationShutdownHook] com.zaxxer.hikari.HikariDataSource       : HikariPool-1 - Shutdown completed.
2023-03-06 10:24:39.559  INFO 71079 --- [main] com.bcefit.projet.Application            : Starting Application using Java 19.0.2 on MacBook-Pro-de-Renaud.local with PID 71079 (/Users/renaudbrault/Documents/_ProjetFinal/MovieManagerCore/MMA-ExpositionLayer/target/classes started by renaudbrault in /Users/renaudbrault/Documents/_ProjetFinal/MovieManagerCore)
2023-03-06 10:24:39.563  INFO 71079 --- [main] com.bcefit.projet.Application            : No active profile set, falling back to 1 default profile: "default"
2023-03-06 10:24:39.965  INFO 71079 --- [main] .s.d.r.c.RepositoryConfigurationDelegate : Bootstrapping Spring Data JPA repositories in DEFAULT mode.
2023-03-06 10:24:40.002  INFO 71079 --- [main] .s.d.r.c.RepositoryConfigurationDelegate : Finished Spring Data repository scanning in 33 ms. Found 13 JPA repository interfaces.
2023-03-06 10:24:40.323  INFO 71079 --- [main] o.s.b.w.embedded.tomcat.TomcatWebServer  : Tomcat initialized with port(s): 8080 (http)
2023-03-06 10:24:40.330  INFO 71079 --- [main] o.apache.catalina.core.StandardService   : Starting service [Tomcat]
2023-03-06 10:24:40.330  INFO 71079 --- [main] org.apache.catalina.core.StandardEngine  : Starting Servlet engine: [Apache Tomcat/9.0.71]
2023-03-06 10:24:40.375  INFO 71079 --- [main] o.a.c.c.C.[Tomcat].[localhost].[/]       : Initializing Spring embedded WebApplicationContext
2023-03-06 10:24:40.375  INFO 71079 --- [main] w.s.c.ServletWebServerApplicationContext : Root WebApplicationContext: initialization completed in 788 ms
2023-03-06 10:24:40.461  INFO 71079 --- [main] o.hibernate.jpa.internal.util.LogHelper  : HHH000204: Processing PersistenceUnitInfo [name: default]
2023-03-06 10:24:40.484  INFO 71079 --- [main] org.hibernate.Version                    : HHH000412: Hibernate ORM core version 5.6.14.Final
2023-03-06 10:24:40.551  INFO 71079 --- [main] o.hibernate.annotations.common.Version   : HCANN000001: Hibernate Commons Annotations {5.1.2.Final}
2023-03-06 10:24:40.596  INFO 71079 --- [main] com.zaxxer.hikari.HikariDataSource       : HikariPool-1 - Starting...
2023-03-06 10:24:40.664  INFO 71079 --- [main] com.zaxxer.hikari.HikariDataSource       : HikariPool-1 - Start completed.
2023-03-06 10:24:40.673  INFO 71079 --- [main] org.hibernate.dialect.Dialect            : HHH000400: Using dialect: org.hibernate.dialect.PostgreSQL95Dialect
2023-03-06 10:24:41.115  INFO 71079 --- [main] o.h.e.t.j.p.i.JtaPlatformInitiator       : HHH000490: Using JtaPlatform implementation: [org.hibernate.engine.transaction.jta.platform.internal.NoJtaPlatform]
2023-03-06 10:24:41.120  INFO 71079 --- [main] j.LocalContainerEntityManagerFactoryBean : Initialized JPA EntityManagerFactory for persistence unit 'default'
2023-03-06 10:24:41.609  WARN 71079 --- [main] .s.s.UserDetailsServiceAutoConfiguration : 

Using generated security password: 8c7a52f0-bf1d-4b1a-8f75-69877879d0f2

This generated password is for development use only. Your security configuration must be updated before running your application in production.

2023-03-06 10:24:41.666  INFO 71079 --- [main] o.s.s.web.DefaultSecurityFilterChain     : Will secure any request with [org.springframework.security.web.session.DisableEncodeUrlFilter@1eda853f, org.springframework.security.web.context.request.async.WebAsyncManagerIntegrationFilter@3f0751b0, org.springframework.security.web.context.SecurityContextPersistenceFilter@1fd4850b, org.springframework.security.web.header.HeaderWriterFilter@280e4390, org.springframework.web.filter.CorsFilter@3984e2b3, org.springframework.security.web.authentication.logout.LogoutFilter@f83616, com.bcefit.projet.exposition.security.JWTAuthorizationFilter@35bb3fea, org.springframework.security.web.savedrequest.RequestCacheAwareFilter@6f5f892c, org.springframework.security.web.servletapi.SecurityContextHolderAwareRequestFilter@6cee52e2, org.springframework.security.web.authentication.AnonymousAuthenticationFilter@7f82a71f, org.springframework.security.web.session.SessionManagementFilter@3df7e309, org.springframework.security.web.access.ExceptionTranslationFilter@28468162, org.springframework.security.web.access.intercept.FilterSecurityInterceptor@4b6942a0]
2023-03-06 10:24:41.893  INFO 71079 --- [main] o.s.b.w.embedded.tomcat.TomcatWebServer  : Tomcat started on port(s): 8080 (http) with context path ''
2023-03-06 10:24:42.057  INFO 71079 --- [main] com.bcefit.projet.Application            : Started Application in 2.677 seconds (JVM running for 3.063)
2023-03-06 10:24:42.804  INFO 71079 --- [http-nio-8080-exec-2] o.a.c.c.C.[Tomcat].[localhost].[/]       : Initializing Spring DispatcherServlet 'dispatcherServlet'
2023-03-06 10:24:42.804  INFO 71079 --- [http-nio-8080-exec-2] o.s.web.servlet.DispatcherServlet        : Initializing Servlet 'dispatcherServlet'
2023-03-06 10:24:42.805  INFO 71079 --- [http-nio-8080-exec-2] o.s.web.servlet.DispatcherServlet        : Completed initialization in 1 ms
2023-03-06 10:24:42.845  WARN 71079 --- [http-nio-8080-exec-2] .w.s.m.s.DefaultHandlerExceptionResolver : Resolved [org.springframework.web.bind.ServletRequestBindingException: Missing request attribute 'userLoggin' of type String]
2023-03-06 10:25:14.403  INFO 71079 --- [SpringApplicationShutdownHook] j.LocalContainerEntityManagerFactoryBean : Closing JPA EntityManagerFactory for persistence unit 'default'
2023-03-06 10:25:14.404  INFO 71079 --- [SpringApplicationShutdownHook] com.zaxxer.hikari.HikariDataSource       : HikariPool-1 - Shutdown initiated...
2023-03-06 10:25:14.405  INFO 71079 --- [SpringApplicationShutdownHook] com.zaxxer.hikari.HikariDataSource       : HikariPool-1 - Shutdown completed.
2023-03-06 10:25:15.537  INFO 71105 --- [main] com.bcefit.projet.Application            : Starting Application using Java 19.0.2 on MacBook-Pro-de-Renaud.local with PID 71105 (/Users/renaudbrault/Documents/_ProjetFinal/MovieManagerCore/MMA-ExpositionLayer/target/classes started by renaudbrault in /Users/renaudbrault/Documents/_ProjetFinal/MovieManagerCore)
2023-03-06 10:25:15.538  INFO 71105 --- [main] com.bcefit.projet.Application            : No active profile set, falling back to 1 default profile: "default"
2023-03-06 10:25:15.937  INFO 71105 --- [main] .s.d.r.c.RepositoryConfigurationDelegate : Bootstrapping Spring Data JPA repositories in DEFAULT mode.
2023-03-06 10:25:15.971  INFO 71105 --- [main] .s.d.r.c.RepositoryConfigurationDelegate : Finished Spring Data repository scanning in 30 ms. Found 13 JPA repository interfaces.
2023-03-06 10:25:16.277  INFO 71105 --- [main] o.s.b.w.embedded.tomcat.TomcatWebServer  : Tomcat initialized with port(s): 8080 (http)
2023-03-06 10:25:16.281  INFO 71105 --- [main] o.apache.catalina.core.StandardService   : Starting service [Tomcat]
2023-03-06 10:25:16.281  INFO 71105 --- [main] org.apache.catalina.core.StandardEngine  : Starting Servlet engine: [Apache Tomcat/9.0.71]
2023-03-06 10:25:16.324  INFO 71105 --- [main] o.a.c.c.C.[Tomcat].[localhost].[/]       : Initializing Spring embedded WebApplicationContext
2023-03-06 10:25:16.324  INFO 71105 --- [main] w.s.c.ServletWebServerApplicationContext : Root WebApplicationContext: initialization completed in 756 ms
2023-03-06 10:25:16.408  INFO 71105 --- [main] o.hibernate.jpa.internal.util.LogHelper  : HHH000204: Processing PersistenceUnitInfo [name: default]
2023-03-06 10:25:16.430  INFO 71105 --- [main] org.hibernate.Version                    : HHH000412: Hibernate ORM core version 5.6.14.Final
2023-03-06 10:25:16.496  INFO 71105 --- [main] o.hibernate.annotations.common.Version   : HCANN000001: Hibernate Commons Annotations {5.1.2.Final}
2023-03-06 10:25:16.543  INFO 71105 --- [main] com.zaxxer.hikari.HikariDataSource       : HikariPool-1 - Starting...
2023-03-06 10:25:16.610  INFO 71105 --- [main] com.zaxxer.hikari.HikariDataSource       : HikariPool-1 - Start completed.
2023-03-06 10:25:16.618  INFO 71105 --- [main] org.hibernate.dialect.Dialect            : HHH000400: Using dialect: org.hibernate.dialect.PostgreSQL95Dialect
2023-03-06 10:25:17.064  INFO 71105 --- [main] o.h.e.t.j.p.i.JtaPlatformInitiator       : HHH000490: Using JtaPlatform implementation: [org.hibernate.engine.transaction.jta.platform.internal.NoJtaPlatform]
2023-03-06 10:25:17.068  INFO 71105 --- [main] j.LocalContainerEntityManagerFactoryBean : Initialized JPA EntityManagerFactory for persistence unit 'default'
2023-03-06 10:25:17.527  WARN 71105 --- [main] .s.s.UserDetailsServiceAutoConfiguration : 

Using generated security password: f2b0f56a-6697-40a5-a2c4-280c2d4704ba

This generated password is for development use only. Your security configuration must be updated before running your application in production.

2023-03-06 10:25:17.584  INFO 71105 --- [main] o.s.s.web.DefaultSecurityFilterChain     : Will secure any request with [org.springframework.security.web.session.DisableEncodeUrlFilter@15e748b5, org.springframework.security.web.context.request.async.WebAsyncManagerIntegrationFilter@27ada0e8, org.springframework.security.web.context.SecurityContextPersistenceFilter@436103b1, org.springframework.security.web.header.HeaderWriterFilter@1bb3e150, org.springframework.web.filter.CorsFilter@62fa4a88, org.springframework.security.web.authentication.logout.LogoutFilter@4417755b, com.bcefit.projet.exposition.security.JWTAuthorizationFilter@4b6942a0, org.springframework.security.web.savedrequest.RequestCacheAwareFilter@701c413, org.springframework.security.web.servletapi.SecurityContextHolderAwareRequestFilter@3df7e309, org.springframework.security.web.authentication.AnonymousAuthenticationFilter@64641998, org.springframework.security.web.session.SessionManagementFilter@3ac76ad9, org.springframework.security.web.access.ExceptionTranslationFilter@18c95fbb, org.springframework.security.web.access.intercept.FilterSecurityInterceptor@4f239a76]
2023-03-06 10:25:17.740  INFO 71105 --- [main] o.s.b.w.embedded.tomcat.TomcatWebServer  : Tomcat started on port(s): 8080 (http) with context path ''
2023-03-06 10:25:17.897  INFO 71105 --- [main] com.bcefit.projet.Application            : Started Application in 2.594 seconds (JVM running for 2.91)
2023-03-06 10:25:20.463  INFO 71105 --- [http-nio-8080-exec-1] o.a.c.c.C.[Tomcat].[localhost].[/]       : Initializing Spring DispatcherServlet 'dispatcherServlet'
2023-03-06 10:25:20.463  INFO 71105 --- [http-nio-8080-exec-1] o.s.web.servlet.DispatcherServlet        : Initializing Servlet 'dispatcherServlet'
2023-03-06 10:25:20.464  INFO 71105 --- [http-nio-8080-exec-1] o.s.web.servlet.DispatcherServlet        : Completed initialization in 1 ms
2023-03-06 10:25:20.510  WARN 71105 --- [http-nio-8080-exec-1] .w.s.m.s.DefaultHandlerExceptionResolver : Resolved [org.springframework.web.bind.ServletRequestBindingException: Missing request attribute 'userLoggin' of type String]
2023-03-06 10:25:30.406  INFO 71105 --- [SpringApplicationShutdownHook] j.LocalContainerEntityManagerFactoryBean : Closing JPA EntityManagerFactory for persistence unit 'default'
2023-03-06 10:25:30.407  INFO 71105 --- [SpringApplicationShutdownHook] com.zaxxer.hikari.HikariDataSource       : HikariPool-1 - Shutdown initiated...
2023-03-06 10:25:30.409  INFO 71105 --- [SpringApplicationShutdownHook] com.zaxxer.hikari.HikariDataSource       : HikariPool-1 - Shutdown completed.
2023-03-06 10:25:32.413  INFO 71132 --- [main] com.bcefit.projet.Application            : Starting Application using Java 19.0.2 on MacBook-Pro-de-Renaud.local with PID 71132 (/Users/renaudbrault/Documents/_ProjetFinal/MovieManagerCore/MMA-ExpositionLayer/target/classes started by renaudbrault in /Users/renaudbrault/Documents/_ProjetFinal/MovieManagerCore)
2023-03-06 10:25:32.418  INFO 71132 --- [main] com.bcefit.projet.Application            : No active profile set, falling back to 1 default profile: "default"
2023-03-06 10:25:32.813  INFO 71132 --- [main] .s.d.r.c.RepositoryConfigurationDelegate : Bootstrapping Spring Data JPA repositories in DEFAULT mode.
2023-03-06 10:25:32.847  INFO 71132 --- [main] .s.d.r.c.RepositoryConfigurationDelegate : Finished Spring Data repository scanning in 30 ms. Found 13 JPA repository interfaces.
2023-03-06 10:25:33.164  INFO 71132 --- [main] o.s.b.w.embedded.tomcat.TomcatWebServer  : Tomcat initialized with port(s): 8080 (http)
2023-03-06 10:25:33.169  INFO 71132 --- [main] o.apache.catalina.core.StandardService   : Starting service [Tomcat]
2023-03-06 10:25:33.169  INFO 71132 --- [main] org.apache.catalina.core.StandardEngine  : Starting Servlet engine: [Apache Tomcat/9.0.71]
2023-03-06 10:25:33.213  INFO 71132 --- [main] o.a.c.c.C.[Tomcat].[localhost].[/]       : Initializing Spring embedded WebApplicationContext
2023-03-06 10:25:33.213  INFO 71132 --- [main] w.s.c.ServletWebServerApplicationContext : Root WebApplicationContext: initialization completed in 772 ms
2023-03-06 10:25:33.304  INFO 71132 --- [main] o.hibernate.jpa.internal.util.LogHelper  : HHH000204: Processing PersistenceUnitInfo [name: default]
2023-03-06 10:25:33.327  INFO 71132 --- [main] org.hibernate.Version                    : HHH000412: Hibernate ORM core version 5.6.14.Final
2023-03-06 10:25:33.395  INFO 71132 --- [main] o.hibernate.annotations.common.Version   : HCANN000001: Hibernate Commons Annotations {5.1.2.Final}
2023-03-06 10:25:33.442  INFO 71132 --- [main] com.zaxxer.hikari.HikariDataSource       : HikariPool-1 - Starting...
2023-03-06 10:25:33.512  INFO 71132 --- [main] com.zaxxer.hikari.HikariDataSource       : HikariPool-1 - Start completed.
2023-03-06 10:25:33.521  INFO 71132 --- [main] org.hibernate.dialect.Dialect            : HHH000400: Using dialect: org.hibernate.dialect.PostgreSQL95Dialect
2023-03-06 10:25:33.972  INFO 71132 --- [main] o.h.e.t.j.p.i.JtaPlatformInitiator       : HHH000490: Using JtaPlatform implementation: [org.hibernate.engine.transaction.jta.platform.internal.NoJtaPlatform]
2023-03-06 10:25:33.976  INFO 71132 --- [main] j.LocalContainerEntityManagerFactoryBean : Initialized JPA EntityManagerFactory for persistence unit 'default'
2023-03-06 10:25:34.433  WARN 71132 --- [main] .s.s.UserDetailsServiceAutoConfiguration : 

Using generated security password: e8b66ecf-7a7c-473e-921e-6710d74ccfdb

This generated password is for development use only. Your security configuration must be updated before running your application in production.

2023-03-06 10:25:34.493  INFO 71132 --- [main] o.s.s.web.DefaultSecurityFilterChain     : Will secure any request with [org.springframework.security.web.session.DisableEncodeUrlFilter@7f82a71f, org.springframework.security.web.context.request.async.WebAsyncManagerIntegrationFilter@7a0df38e, org.springframework.security.web.context.SecurityContextPersistenceFilter@7a085d02, org.springframework.security.web.header.HeaderWriterFilter@1db9d253, org.springframework.web.filter.CorsFilter@64821706, org.springframework.security.web.authentication.logout.LogoutFilter@6a175162, com.bcefit.projet.exposition.security.JWTAuthorizationFilter@8aa3013, org.springframework.security.web.savedrequest.RequestCacheAwareFilter@7842260f, org.springframework.security.web.servletapi.SecurityContextHolderAwareRequestFilter@69d9d322, org.springframework.security.web.authentication.AnonymousAuthenticationFilter@627ad446, org.springframework.security.web.session.SessionManagementFilter@1b2e841, org.springframework.security.web.access.ExceptionTranslationFilter@f3c27e9, org.springframework.security.web.access.intercept.FilterSecurityInterceptor@1f67d37f]
2023-03-06 10:25:34.659  INFO 71132 --- [main] o.s.b.w.embedded.tomcat.TomcatWebServer  : Tomcat started on port(s): 8080 (http) with context path ''
2023-03-06 10:25:34.822  INFO 71132 --- [main] com.bcefit.projet.Application            : Started Application in 2.581 seconds (JVM running for 2.877)
2023-03-06 10:25:37.248  INFO 71132 --- [http-nio-8080-exec-2] o.a.c.c.C.[Tomcat].[localhost].[/]       : Initializing Spring DispatcherServlet 'dispatcherServlet'
2023-03-06 10:25:37.249  INFO 71132 --- [http-nio-8080-exec-2] o.s.web.servlet.DispatcherServlet        : Initializing Servlet 'dispatcherServlet'
2023-03-06 10:25:37.250  INFO 71132 --- [http-nio-8080-exec-2] o.s.web.servlet.DispatcherServlet        : Completed initialization in 1 ms
2023-03-06 10:25:37.298  WARN 71132 --- [http-nio-8080-exec-2] .w.s.m.s.DefaultHandlerExceptionResolver : Resolved [org.springframework.web.bind.ServletRequestBindingException: Missing request attribute 'userLoggin' of type String]
2023-03-06 10:26:00.731  WARN 71132 --- [http-nio-8080-exec-4] .w.s.m.s.DefaultHandlerExceptionResolver : Resolved [org.springframework.web.bind.ServletRequestBindingException: Missing request attribute 'userLoggin' of type String]
2023-03-06 10:26:43.938  INFO 71132 --- [http-nio-8080-exec-6] c.b.p.e.user.rest.UserAccountAPI         : nouvelle demande de liste de user Account
2023-03-06 10:28:46.677  WARN 71132 --- [http-nio-8080-exec-8] .w.s.m.s.DefaultHandlerExceptionResolver : Resolved [org.springframework.web.bind.ServletRequestBindingException: Missing request attribute 'userLoggin' of type String]
2023-03-06 10:30:03.611  INFO 71132 --- [SpringApplicationShutdownHook] j.LocalContainerEntityManagerFactoryBean : Closing JPA EntityManagerFactory for persistence unit 'default'
2023-03-06 10:30:03.613  INFO 71132 --- [SpringApplicationShutdownHook] com.zaxxer.hikari.HikariDataSource       : HikariPool-1 - Shutdown initiated...
2023-03-06 10:30:03.615  INFO 71132 --- [SpringApplicationShutdownHook] com.zaxxer.hikari.HikariDataSource       : HikariPool-1 - Shutdown completed.
2023-03-06 10:30:05.592  INFO 71226 --- [main] com.bcefit.projet.Application            : Starting Application using Java 19.0.2 on MacBook-Pro-de-Renaud.local with PID 71226 (/Users/renaudbrault/Documents/_ProjetFinal/MovieManagerCore/MMA-ExpositionLayer/target/classes started by renaudbrault in /Users/renaudbrault/Documents/_ProjetFinal/MovieManagerCore)
2023-03-06 10:30:05.594  INFO 71226 --- [main] com.bcefit.projet.Application            : No active profile set, falling back to 1 default profile: "default"
2023-03-06 10:30:05.977  INFO 71226 --- [main] .s.d.r.c.RepositoryConfigurationDelegate : Bootstrapping Spring Data JPA repositories in DEFAULT mode.
2023-03-06 10:30:06.010  INFO 71226 --- [main] .s.d.r.c.RepositoryConfigurationDelegate : Finished Spring Data repository scanning in 29 ms. Found 13 JPA repository interfaces.
2023-03-06 10:30:06.317  INFO 71226 --- [main] o.s.b.w.embedded.tomcat.TomcatWebServer  : Tomcat initialized with port(s): 8080 (http)
2023-03-06 10:30:06.322  INFO 71226 --- [main] o.apache.catalina.core.StandardService   : Starting service [Tomcat]
2023-03-06 10:30:06.322  INFO 71226 --- [main] org.apache.catalina.core.StandardEngine  : Starting Servlet engine: [Apache Tomcat/9.0.71]
2023-03-06 10:30:06.364  INFO 71226 --- [main] o.a.c.c.C.[Tomcat].[localhost].[/]       : Initializing Spring embedded WebApplicationContext
2023-03-06 10:30:06.365  INFO 71226 --- [main] w.s.c.ServletWebServerApplicationContext : Root WebApplicationContext: initialization completed in 746 ms
2023-03-06 10:30:06.456  INFO 71226 --- [main] o.hibernate.jpa.internal.util.LogHelper  : HHH000204: Processing PersistenceUnitInfo [name: default]
2023-03-06 10:30:06.478  INFO 71226 --- [main] org.hibernate.Version                    : HHH000412: Hibernate ORM core version 5.6.14.Final
2023-03-06 10:30:06.545  INFO 71226 --- [main] o.hibernate.annotations.common.Version   : HCANN000001: Hibernate Commons Annotations {5.1.2.Final}
2023-03-06 10:30:06.591  INFO 71226 --- [main] com.zaxxer.hikari.HikariDataSource       : HikariPool-1 - Starting...
2023-03-06 10:30:06.657  INFO 71226 --- [main] com.zaxxer.hikari.HikariDataSource       : HikariPool-1 - Start completed.
2023-03-06 10:30:06.665  INFO 71226 --- [main] org.hibernate.dialect.Dialect            : HHH000400: Using dialect: org.hibernate.dialect.PostgreSQL95Dialect
2023-03-06 10:30:07.131  INFO 71226 --- [main] o.h.e.t.j.p.i.JtaPlatformInitiator       : HHH000490: Using JtaPlatform implementation: [org.hibernate.engine.transaction.jta.platform.internal.NoJtaPlatform]
2023-03-06 10:30:07.137  INFO 71226 --- [main] j.LocalContainerEntityManagerFactoryBean : Initialized JPA EntityManagerFactory for persistence unit 'default'
2023-03-06 10:30:07.591  WARN 71226 --- [main] .s.s.UserDetailsServiceAutoConfiguration : 

Using generated security password: a8ed11a7-9908-415e-a878-ddff94b54316

This generated password is for development use only. Your security configuration must be updated before running your application in production.

2023-03-06 10:30:07.646  INFO 71226 --- [main] o.s.s.web.DefaultSecurityFilterChain     : Will secure any request with [org.springframework.security.web.session.DisableEncodeUrlFilter@48b1b469, org.springframework.security.web.context.request.async.WebAsyncManagerIntegrationFilter@6a887649, org.springframework.security.web.context.SecurityContextPersistenceFilter@436103b1, org.springframework.security.web.header.HeaderWriterFilter@1bb3e150, org.springframework.web.filter.CorsFilter@15e748b5, org.springframework.security.web.authentication.logout.LogoutFilter@4417755b, com.bcefit.projet.exposition.security.JWTAuthorizationFilter@27ada0e8, org.springframework.security.web.savedrequest.RequestCacheAwareFilter@701c413, org.springframework.security.web.servletapi.SecurityContextHolderAwareRequestFilter@3df7e309, org.springframework.security.web.authentication.AnonymousAuthenticationFilter@62fa4a88, org.springframework.security.web.session.SessionManagementFilter@3ac76ad9, org.springframework.security.web.access.ExceptionTranslationFilter@18c95fbb, org.springframework.security.web.access.intercept.FilterSecurityInterceptor@51e14cb6]
2023-03-06 10:30:07.792  INFO 71226 --- [main] o.s.b.w.embedded.tomcat.TomcatWebServer  : Tomcat started on port(s): 8080 (http) with context path ''
2023-03-06 10:30:07.951  INFO 71226 --- [main] com.bcefit.projet.Application            : Started Application in 2.526 seconds (JVM running for 2.827)
2023-03-06 10:30:10.612  INFO 71226 --- [http-nio-8080-exec-2] o.a.c.c.C.[Tomcat].[localhost].[/]       : Initializing Spring DispatcherServlet 'dispatcherServlet'
2023-03-06 10:30:10.613  INFO 71226 --- [http-nio-8080-exec-2] o.s.web.servlet.DispatcherServlet        : Initializing Servlet 'dispatcherServlet'
2023-03-06 10:30:10.614  INFO 71226 --- [http-nio-8080-exec-2] o.s.web.servlet.DispatcherServlet        : Completed initialization in 1 ms
2023-03-06 10:30:15.716  INFO 71226 --- [http-nio-8080-exec-2] c.b.p.e.user.rest.UserAccountAPI         : enregistrement d'un nouveau user account julie
2023-03-06 10:45:45.386  WARN 71226 --- [HikariPool-1 housekeeper] com.zaxxer.hikari.pool.HikariPool        : HikariPool-1 - Thread starvation or clock leap detected (housekeeper delta=1m7s686ms).
2023-03-06 11:15:08.053  INFO 71226 --- [SpringApplicationShutdownHook] j.LocalContainerEntityManagerFactoryBean : Closing JPA EntityManagerFactory for persistence unit 'default'
2023-03-06 11:15:08.055  INFO 71226 --- [SpringApplicationShutdownHook] com.zaxxer.hikari.HikariDataSource       : HikariPool-1 - Shutdown initiated...
2023-03-06 11:15:08.057  INFO 71226 --- [SpringApplicationShutdownHook] com.zaxxer.hikari.HikariDataSource       : HikariPool-1 - Shutdown completed.
2023-03-06 11:15:10.689  INFO 71964 --- [main] com.bcefit.projet.Application            : Starting Application using Java 19.0.2 on MacBook-Pro-de-Renaud.local with PID 71964 (/Users/renaudbrault/Documents/_ProjetFinal/MovieManagerCore/MMA-ExpositionLayer/target/classes started by renaudbrault in /Users/renaudbrault/Documents/_ProjetFinal/MovieManagerCore)
2023-03-06 11:15:10.691  INFO 71964 --- [main] com.bcefit.projet.Application            : No active profile set, falling back to 1 default profile: "default"
2023-03-06 11:15:11.095  INFO 71964 --- [main] .s.d.r.c.RepositoryConfigurationDelegate : Bootstrapping Spring Data JPA repositories in DEFAULT mode.
2023-03-06 11:15:11.130  INFO 71964 --- [main] .s.d.r.c.RepositoryConfigurationDelegate : Finished Spring Data repository scanning in 31 ms. Found 13 JPA repository interfaces.
2023-03-06 11:15:11.446  INFO 71964 --- [main] o.s.b.w.embedded.tomcat.TomcatWebServer  : Tomcat initialized with port(s): 8080 (http)
2023-03-06 11:15:11.452  INFO 71964 --- [main] o.apache.catalina.core.StandardService   : Starting service [Tomcat]
2023-03-06 11:15:11.452  INFO 71964 --- [main] org.apache.catalina.core.StandardEngine  : Starting Servlet engine: [Apache Tomcat/9.0.71]
2023-03-06 11:15:11.497  INFO 71964 --- [main] o.a.c.c.C.[Tomcat].[localhost].[/]       : Initializing Spring embedded WebApplicationContext
2023-03-06 11:15:11.497  INFO 71964 --- [main] w.s.c.ServletWebServerApplicationContext : Root WebApplicationContext: initialization completed in 781 ms
2023-03-06 11:15:11.583  INFO 71964 --- [main] o.hibernate.jpa.internal.util.LogHelper  : HHH000204: Processing PersistenceUnitInfo [name: default]
2023-03-06 11:15:11.605  INFO 71964 --- [main] org.hibernate.Version                    : HHH000412: Hibernate ORM core version 5.6.14.Final
2023-03-06 11:15:11.673  INFO 71964 --- [main] o.hibernate.annotations.common.Version   : HCANN000001: Hibernate Commons Annotations {5.1.2.Final}
2023-03-06 11:15:11.720  INFO 71964 --- [main] com.zaxxer.hikari.HikariDataSource       : HikariPool-1 - Starting...
2023-03-06 11:15:11.789  INFO 71964 --- [main] com.zaxxer.hikari.HikariDataSource       : HikariPool-1 - Start completed.
2023-03-06 11:15:11.798  INFO 71964 --- [main] org.hibernate.dialect.Dialect            : HHH000400: Using dialect: org.hibernate.dialect.PostgreSQL95Dialect
2023-03-06 11:15:12.272  INFO 71964 --- [main] o.h.e.t.j.p.i.JtaPlatformInitiator       : HHH000490: Using JtaPlatform implementation: [org.hibernate.engine.transaction.jta.platform.internal.NoJtaPlatform]
2023-03-06 11:15:12.277  INFO 71964 --- [main] j.LocalContainerEntityManagerFactoryBean : Initialized JPA EntityManagerFactory for persistence unit 'default'
2023-03-06 11:15:12.734  WARN 71964 --- [main] .s.s.UserDetailsServiceAutoConfiguration : 

Using generated security password: 0c00a36c-7411-4448-9f48-210cbd452fff

This generated password is for development use only. Your security configuration must be updated before running your application in production.

2023-03-06 11:15:12.799  INFO 71964 --- [main] o.s.s.web.DefaultSecurityFilterChain     : Will secure any request with [org.springframework.security.web.session.DisableEncodeUrlFilter@4a2f1ae3, org.springframework.security.web.context.request.async.WebAsyncManagerIntegrationFilter@48b1b469, org.springframework.security.web.context.SecurityContextPersistenceFilter@25814d3c, org.springframework.security.web.header.HeaderWriterFilter@36c5a4b7, org.springframework.web.filter.CorsFilter@6a887649, org.springframework.security.web.authentication.logout.LogoutFilter@94b5fe3, com.bcefit.projet.exposition.security.JWTAuthorizationFilter@15e748b5, org.springframework.security.web.savedrequest.RequestCacheAwareFilter@427128a6, org.springframework.security.web.servletapi.SecurityContextHolderAwareRequestFilter@21262bde, org.springframework.security.web.authentication.AnonymousAuthenticationFilter@27ada0e8, org.springframework.security.web.session.SessionManagementFilter@6821d4e1, org.springframework.security.web.access.ExceptionTranslationFilter@195d4780, org.springframework.security.web.access.intercept.FilterSecurityInterceptor@a1be5cb]
2023-03-06 11:15:12.970  INFO 71964 --- [main] o.s.b.w.embedded.tomcat.TomcatWebServer  : Tomcat started on port(s): 8080 (http) with context path ''
2023-03-06 11:15:13.144  INFO 71964 --- [main] com.bcefit.projet.Application            : Started Application in 2.618 seconds (JVM running for 2.922)
2023-03-06 11:40:13.848  INFO 71964 --- [http-nio-8080-exec-2] o.a.c.c.C.[Tomcat].[localhost].[/]       : Initializing Spring DispatcherServlet 'dispatcherServlet'
2023-03-06 11:40:13.849  INFO 71964 --- [http-nio-8080-exec-2] o.s.web.servlet.DispatcherServlet        : Initializing Servlet 'dispatcherServlet'
2023-03-06 11:40:13.850  INFO 71964 --- [http-nio-8080-exec-2] o.s.web.servlet.DispatcherServlet        : Completed initialization in 1 ms
2023-03-06 11:40:13.902  INFO 71964 --- [http-nio-8080-exec-2] c.b.p.e.user.rest.UserAccountAPI         : enregistrement d'un nouveau user account paul
2023-03-06 11:40:16.334  INFO 71964 --- [http-nio-8080-exec-3] c.b.p.e.user.rest.UserAccountAPI         : enregistrement d'un nouveau user account paul
2023-03-06 11:40:51.076  INFO 71964 --- [http-nio-8080-exec-4] c.b.p.e.user.rest.UserAccountAPI         : nouvelle demande de liste de user Account
2023-03-06 11:40:55.213  WARN 71964 --- [http-nio-8080-exec-5] .w.s.m.s.DefaultHandlerExceptionResolver : Resolved [org.springframework.web.bind.ServletRequestBindingException: Missing request attribute 'userEmail' of type String]
2023-03-06 11:41:02.956  WARN 71964 --- [http-nio-8080-exec-7] .w.s.m.s.DefaultHandlerExceptionResolver : Resolved [org.springframework.web.bind.ServletRequestBindingException: Missing request attribute 'userEmail' of type String]
2023-03-06 11:41:29.164  INFO 71964 --- [SpringApplicationShutdownHook] j.LocalContainerEntityManagerFactoryBean : Closing JPA EntityManagerFactory for persistence unit 'default'
2023-03-06 11:41:29.166  INFO 71964 --- [SpringApplicationShutdownHook] com.zaxxer.hikari.HikariDataSource       : HikariPool-1 - Shutdown initiated...
2023-03-06 11:41:29.167  INFO 71964 --- [SpringApplicationShutdownHook] com.zaxxer.hikari.HikariDataSource       : HikariPool-1 - Shutdown completed.
2023-03-06 11:41:30.611  INFO 72331 --- [main] com.bcefit.projet.Application            : Starting Application using Java 19.0.2 on MacBook-Pro-de-Renaud.local with PID 72331 (/Users/renaudbrault/Documents/_ProjetFinal/MovieManagerCore/MMA-ExpositionLayer/target/classes started by renaudbrault in /Users/renaudbrault/Documents/_ProjetFinal/MovieManagerCore)
2023-03-06 11:41:30.616  INFO 72331 --- [main] com.bcefit.projet.Application            : No active profile set, falling back to 1 default profile: "default"
2023-03-06 11:41:31.018  INFO 72331 --- [main] .s.d.r.c.RepositoryConfigurationDelegate : Bootstrapping Spring Data JPA repositories in DEFAULT mode.
2023-03-06 11:41:31.052  INFO 72331 --- [main] .s.d.r.c.RepositoryConfigurationDelegate : Finished Spring Data repository scanning in 30 ms. Found 13 JPA repository interfaces.
2023-03-06 11:41:31.365  INFO 72331 --- [main] o.s.b.w.embedded.tomcat.TomcatWebServer  : Tomcat initialized with port(s): 8080 (http)
2023-03-06 11:41:31.369  INFO 72331 --- [main] o.apache.catalina.core.StandardService   : Starting service [Tomcat]
2023-03-06 11:41:31.369  INFO 72331 --- [main] org.apache.catalina.core.StandardEngine  : Starting Servlet engine: [Apache Tomcat/9.0.71]
2023-03-06 11:41:31.413  INFO 72331 --- [main] o.a.c.c.C.[Tomcat].[localhost].[/]       : Initializing Spring embedded WebApplicationContext
2023-03-06 11:41:31.413  INFO 72331 --- [main] w.s.c.ServletWebServerApplicationContext : Root WebApplicationContext: initialization completed in 771 ms
2023-03-06 11:41:31.499  INFO 72331 --- [main] o.hibernate.jpa.internal.util.LogHelper  : HHH000204: Processing PersistenceUnitInfo [name: default]
2023-03-06 11:41:31.521  INFO 72331 --- [main] org.hibernate.Version                    : HHH000412: Hibernate ORM core version 5.6.14.Final
2023-03-06 11:41:31.587  INFO 72331 --- [main] o.hibernate.annotations.common.Version   : HCANN000001: Hibernate Commons Annotations {5.1.2.Final}
2023-03-06 11:41:31.634  INFO 72331 --- [main] com.zaxxer.hikari.HikariDataSource       : HikariPool-1 - Starting...
2023-03-06 11:41:31.723  INFO 72331 --- [main] com.zaxxer.hikari.HikariDataSource       : HikariPool-1 - Start completed.
2023-03-06 11:41:31.732  INFO 72331 --- [main] org.hibernate.dialect.Dialect            : HHH000400: Using dialect: org.hibernate.dialect.PostgreSQL95Dialect
2023-03-06 11:41:32.202  INFO 72331 --- [main] o.h.e.t.j.p.i.JtaPlatformInitiator       : HHH000490: Using JtaPlatform implementation: [org.hibernate.engine.transaction.jta.platform.internal.NoJtaPlatform]
2023-03-06 11:41:32.208  INFO 72331 --- [main] j.LocalContainerEntityManagerFactoryBean : Initialized JPA EntityManagerFactory for persistence unit 'default'
2023-03-06 11:41:32.703  WARN 72331 --- [main] .s.s.UserDetailsServiceAutoConfiguration : 

Using generated security password: 29fbcc29-1d57-4316-a87e-c8991923421e

This generated password is for development use only. Your security configuration must be updated before running your application in production.

2023-03-06 11:41:32.779  INFO 72331 --- [main] o.s.s.web.DefaultSecurityFilterChain     : Will secure any request with [org.springframework.security.web.session.DisableEncodeUrlFilter@7a90f33d, org.springframework.security.web.context.request.async.WebAsyncManagerIntegrationFilter@7c7b27c, org.springframework.security.web.context.SecurityContextPersistenceFilter@7d466ef9, org.springframework.security.web.header.HeaderWriterFilter@7e44f989, org.springframework.web.filter.CorsFilter@2bd8c8f1, org.springframework.security.web.authentication.logout.LogoutFilter@1b2e841, com.bcefit.projet.exposition.security.JWTAuthorizationFilter@7db63a01, org.springframework.security.web.savedrequest.RequestCacheAwareFilter@601ca994, org.springframework.security.web.servletapi.SecurityContextHolderAwareRequestFilter@58dea0a7, org.springframework.security.web.authentication.AnonymousAuthenticationFilter@423791, org.springframework.security.web.session.SessionManagementFilter@542c6165, org.springframework.security.web.access.ExceptionTranslationFilter@123d666b, org.springframework.security.web.access.intercept.FilterSecurityInterceptor@590ab84]
2023-03-06 11:41:32.966  INFO 72331 --- [main] o.s.b.w.embedded.tomcat.TomcatWebServer  : Tomcat started on port(s): 8080 (http) with context path ''
2023-03-06 11:41:33.136  INFO 72331 --- [main] com.bcefit.projet.Application            : Started Application in 2.733 seconds (JVM running for 3.042)
2023-03-06 11:41:37.116  INFO 72331 --- [http-nio-8080-exec-1] o.a.c.c.C.[Tomcat].[localhost].[/]       : Initializing Spring DispatcherServlet 'dispatcherServlet'
2023-03-06 11:41:37.116  INFO 72331 --- [http-nio-8080-exec-1] o.s.web.servlet.DispatcherServlet        : Initializing Servlet 'dispatcherServlet'
2023-03-06 11:41:37.117  INFO 72331 --- [http-nio-8080-exec-1] o.s.web.servlet.DispatcherServlet        : Completed initialization in 1 ms
2023-03-06 11:41:37.167  WARN 72331 --- [http-nio-8080-exec-1] .w.s.m.s.DefaultHandlerExceptionResolver : Resolved [org.springframework.web.bind.ServletRequestBindingException: Missing request attribute 'userEmail' of type String]
2023-03-06 11:42:19.574  INFO 72331 --- [SpringApplicationShutdownHook] j.LocalContainerEntityManagerFactoryBean : Closing JPA EntityManagerFactory for persistence unit 'default'
2023-03-06 11:42:19.575  INFO 72331 --- [SpringApplicationShutdownHook] com.zaxxer.hikari.HikariDataSource       : HikariPool-1 - Shutdown initiated...
2023-03-06 11:42:19.576  INFO 72331 --- [SpringApplicationShutdownHook] com.zaxxer.hikari.HikariDataSource       : HikariPool-1 - Shutdown completed.
2023-03-06 11:42:21.574  INFO 72364 --- [main] com.bcefit.projet.Application            : Starting Application using Java 19.0.2 on MacBook-Pro-de-Renaud.local with PID 72364 (/Users/renaudbrault/Documents/_ProjetFinal/MovieManagerCore/MMA-ExpositionLayer/target/classes started by renaudbrault in /Users/renaudbrault/Documents/_ProjetFinal/MovieManagerCore)
2023-03-06 11:42:21.576  INFO 72364 --- [main] com.bcefit.projet.Application            : No active profile set, falling back to 1 default profile: "default"
2023-03-06 11:42:21.963  INFO 72364 --- [main] .s.d.r.c.RepositoryConfigurationDelegate : Bootstrapping Spring Data JPA repositories in DEFAULT mode.
2023-03-06 11:42:22.002  INFO 72364 --- [main] .s.d.r.c.RepositoryConfigurationDelegate : Finished Spring Data repository scanning in 34 ms. Found 13 JPA repository interfaces.
2023-03-06 11:42:22.320  INFO 72364 --- [main] o.s.b.w.embedded.tomcat.TomcatWebServer  : Tomcat initialized with port(s): 8080 (http)
2023-03-06 11:42:22.325  INFO 72364 --- [main] o.apache.catalina.core.StandardService   : Starting service [Tomcat]
2023-03-06 11:42:22.325  INFO 72364 --- [main] org.apache.catalina.core.StandardEngine  : Starting Servlet engine: [Apache Tomcat/9.0.71]
2023-03-06 11:42:22.371  INFO 72364 --- [main] o.a.c.c.C.[Tomcat].[localhost].[/]       : Initializing Spring embedded WebApplicationContext
2023-03-06 11:42:22.371  INFO 72364 --- [main] w.s.c.ServletWebServerApplicationContext : Root WebApplicationContext: initialization completed in 773 ms
2023-03-06 11:42:22.457  INFO 72364 --- [main] o.hibernate.jpa.internal.util.LogHelper  : HHH000204: Processing PersistenceUnitInfo [name: default]
2023-03-06 11:42:22.479  INFO 72364 --- [main] org.hibernate.Version                    : HHH000412: Hibernate ORM core version 5.6.14.Final
2023-03-06 11:42:22.543  INFO 72364 --- [main] o.hibernate.annotations.common.Version   : HCANN000001: Hibernate Commons Annotations {5.1.2.Final}
2023-03-06 11:42:22.614  INFO 72364 --- [main] com.zaxxer.hikari.HikariDataSource       : HikariPool-1 - Starting...
2023-03-06 11:42:22.680  INFO 72364 --- [main] com.zaxxer.hikari.HikariDataSource       : HikariPool-1 - Start completed.
2023-03-06 11:42:22.687  INFO 72364 --- [main] org.hibernate.dialect.Dialect            : HHH000400: Using dialect: org.hibernate.dialect.PostgreSQL95Dialect
2023-03-06 11:42:23.127  INFO 72364 --- [main] o.h.e.t.j.p.i.JtaPlatformInitiator       : HHH000490: Using JtaPlatform implementation: [org.hibernate.engine.transaction.jta.platform.internal.NoJtaPlatform]
2023-03-06 11:42:23.132  INFO 72364 --- [main] j.LocalContainerEntityManagerFactoryBean : Initialized JPA EntityManagerFactory for persistence unit 'default'
2023-03-06 11:42:23.583  WARN 72364 --- [main] .s.s.UserDetailsServiceAutoConfiguration : 

Using generated security password: c86424c6-c187-4370-96d1-867d803ee821

This generated password is for development use only. Your security configuration must be updated before running your application in production.

2023-03-06 11:42:23.638  INFO 72364 --- [main] o.s.s.web.DefaultSecurityFilterChain     : Will secure any request with [org.springframework.security.web.session.DisableEncodeUrlFilter@4a2f1ae3, org.springframework.security.web.context.request.async.WebAsyncManagerIntegrationFilter@48b1b469, org.springframework.security.web.context.SecurityContextPersistenceFilter@25814d3c, org.springframework.security.web.header.HeaderWriterFilter@36c5a4b7, org.springframework.web.filter.CorsFilter@6a887649, org.springframework.security.web.authentication.logout.LogoutFilter@94b5fe3, com.bcefit.projet.exposition.security.JWTAuthorizationFilter@15e748b5, org.springframework.security.web.savedrequest.RequestCacheAwareFilter@427128a6, org.springframework.security.web.servletapi.SecurityContextHolderAwareRequestFilter@21262bde, org.springframework.security.web.authentication.AnonymousAuthenticationFilter@27ada0e8, org.springframework.security.web.session.SessionManagementFilter@6821d4e1, org.springframework.security.web.access.ExceptionTranslationFilter@195d4780, org.springframework.security.web.access.intercept.FilterSecurityInterceptor@a1be5cb]
2023-03-06 11:42:23.794  INFO 72364 --- [main] o.s.b.w.embedded.tomcat.TomcatWebServer  : Tomcat started on port(s): 8080 (http) with context path ''
2023-03-06 11:42:23.920  INFO 72364 --- [http-nio-8080-exec-1] o.a.c.c.C.[Tomcat].[localhost].[/]       : Initializing Spring DispatcherServlet 'dispatcherServlet'
2023-03-06 11:42:23.921  INFO 72364 --- [http-nio-8080-exec-1] o.s.web.servlet.DispatcherServlet        : Initializing Servlet 'dispatcherServlet'
2023-03-06 11:42:23.921  INFO 72364 --- [http-nio-8080-exec-1] o.s.web.servlet.DispatcherServlet        : Completed initialization in 0 ms
2023-03-06 11:42:23.970  INFO 72364 --- [http-nio-8080-exec-1] c.b.p.e.watch.rest.WatchMovieAPI         : Nouvelle demande de création de watch movie le UserAccount (Email) renaudbrault@gmail.com
2023-03-06 11:42:23.982  INFO 72364 --- [main] com.bcefit.projet.Application            : Started Application in 2.58 seconds (JVM running for 2.886)
2023-03-06 11:42:24.043  INFO 72364 --- [http-nio-8080-exec-1] c.b.p.e.watch.rest.WatchMovieAPI         : nouvelle demande de liste de watch movie
2023-03-06 11:42:29.428  INFO 72364 --- [http-nio-8080-exec-3] c.b.p.e.user.rest.UserAccountAPI         : nouvelle demande de liste de user Account
2023-03-06 11:42:34.770  INFO 72364 --- [http-nio-8080-exec-4] c.b.p.e.user.rest.UserAccountAPI         : Nouvelle demande pour le UserAccount (Email) renaudbrault@gmail.com
2023-03-06 11:42:36.224  INFO 72364 --- [http-nio-8080-exec-5] c.b.p.e.user.rest.UserAccountAPI         : Nouvelle demande pour le UserAccount (Email) renaudbrault@gmail.com
2023-03-06 11:51:30.699  INFO 72364 --- [http-nio-8080-exec-8] c.b.p.e.watch.rest.WatchEpisodeAPI       : Nouvelle demande de création de watch movie le UserAccount (Email) renaudbrault@gmail.com
2023-03-06 11:51:30.706  INFO 72364 --- [http-nio-8080-exec-8] c.b.p.e.watch.rest.WatchEpisodeAPI       : nouvelle demande de liste de watch movie
2023-03-06 11:51:34.624  INFO 72364 --- [http-nio-8080-exec-9] c.b.p.e.watch.rest.WatchMovieAPI         : Nouvelle demande de création de watch movie le UserAccount (Email) renaudbrault@gmail.com
2023-03-06 11:51:34.640  INFO 72364 --- [http-nio-8080-exec-9] c.b.p.e.watch.rest.WatchMovieAPI         : nouvelle demande de liste de watch movie
2023-03-06 11:51:38.043  INFO 72364 --- [http-nio-8080-exec-10] c.b.p.exposition.wish.rest.WishMovieAPI  : Nouvelle demande pour le UserAccount (Email) renaudbrault@gmail.com
2023-03-06 11:51:38.059  INFO 72364 --- [http-nio-8080-exec-10] c.b.p.exposition.wish.rest.WishMovieAPI  : nouvelle demande de liste de wish movie
2023-03-06 11:52:33.948  INFO 72364 --- [http-nio-8080-exec-2] c.b.p.e.user.rest.UserAccountAPI         : Nouvelle demande pour le UserAccount (Email) renaudbrault@gmail.com
2023-03-06 11:52:33.970  INFO 72364 --- [http-nio-8080-exec-2] c.b.p.e.user.rest.UserAccountAPI         : modification du user account renaud
2023-03-06 11:52:52.050  INFO 72364 --- [http-nio-8080-exec-1] c.b.p.e.user.rest.UserAccountAPI         : Nouvelle demande pour le UserAccount (Email) renaudbrault@gmail.com
2023-03-06 11:52:52.061  INFO 72364 --- [http-nio-8080-exec-1] c.b.p.e.user.rest.UserAccountAPI         : modification du user account renaud
2023-03-06 11:52:56.564  INFO 72364 --- [SpringApplicationShutdownHook] j.LocalContainerEntityManagerFactoryBean : Closing JPA EntityManagerFactory for persistence unit 'default'
2023-03-06 11:52:56.565  INFO 72364 --- [SpringApplicationShutdownHook] com.zaxxer.hikari.HikariDataSource       : HikariPool-1 - Shutdown initiated...
2023-03-06 11:52:56.566  INFO 72364 --- [SpringApplicationShutdownHook] com.zaxxer.hikari.HikariDataSource       : HikariPool-1 - Shutdown completed.
